  [1m[35m (0.2ms)[0m  [1m[34mSELECT pg_try_advisory_lock(7463976459234551760)[0m
  [1m[36mActiveRecord::SchemaMigration Pluck (0.7ms)[0m  [1m[34mSELECT "schema_migrations"."version" FROM "schema_migrations" ORDER BY "schema_migrations"."version" ASC[0m
Migrating to AddRoleToUsers (20221216222621)
  [1m[36mTRANSACTION (0.4ms)[0m  [1m[35mBEGIN[0m
  [1m[35m (37.0ms)[0m  [1m[35mALTER TABLE "users" ADD "role" character varying[0m
  [1m[36mTRANSACTION (0.2ms)[0m  [1m[31mROLLBACK[0m
  [1m[35m (0.3ms)[0m  [1m[34mSELECT pg_advisory_unlock(7463976459234551760)[0m
  [1m[35m (0.2ms)[0m  [1m[34mSELECT pg_try_advisory_lock(7463976459234551760)[0m
  [1m[36mActiveRecord::SchemaMigration Pluck (0.6ms)[0m  [1m[34mSELECT "schema_migrations"."version" FROM "schema_migrations" ORDER BY "schema_migrations"."version" ASC[0m
Migrating to AddRoleToUsers (20221216232625)
  [1m[36mTRANSACTION (0.2ms)[0m  [1m[35mBEGIN[0m
  [1m[35m (1.0ms)[0m  [1m[35mALTER TABLE "users" ADD "role" character varying[0m
  [1m[36mTRANSACTION (0.2ms)[0m  [1m[31mROLLBACK[0m
  [1m[35m (0.4ms)[0m  [1m[34mSELECT pg_advisory_unlock(7463976459234551760)[0m
  [1m[35m (0.2ms)[0m  [1m[34mSELECT pg_try_advisory_lock(7463976459234551760)[0m
  [1m[36mActiveRecord::SchemaMigration Pluck (0.6ms)[0m  [1m[34mSELECT "schema_migrations"."version" FROM "schema_migrations" ORDER BY "schema_migrations"."version" ASC[0m
  [1m[36mActiveRecord::InternalMetadata Load (0.4ms)[0m  [1m[34mSELECT "ar_internal_metadata".* FROM "ar_internal_metadata" WHERE "ar_internal_metadata"."key" = $1 LIMIT $2[0m  [["key", "environment"], ["LIMIT", 1]]
  [1m[35m (0.3ms)[0m  [1m[34mSELECT pg_advisory_unlock(7463976459234551760)[0m
  [1m[36mActiveRecord::SchemaMigration Pluck (0.8ms)[0m  [1m[34mSELECT "schema_migrations"."version" FROM "schema_migrations" ORDER BY "schema_migrations"."version" ASC[0m
Started GET "/" for 127.0.0.1 at 2022-12-17 02:52:38 +0300
  [1m[36mActiveRecord::SchemaMigration Pluck (1.0ms)[0m  [1m[34mSELECT "schema_migrations"."version" FROM "schema_migrations" ORDER BY "schema_migrations"."version" ASC[0m
Processing by UsersController#index as HTML
Completed 401 Unauthorized in 86ms (ActiveRecord: 0.0ms | Allocations: 5645)


Started GET "/users/sign_in" for 127.0.0.1 at 2022-12-17 02:52:38 +0300
Processing by Devise::SessionsController#new as HTML
  Rendering layout layouts/application.html.erb
  Rendering devise/sessions/new.html.erb within layouts/application
  Rendered devise/shared/_links.html.erb (Duration: 16.9ms | Allocations: 1229)
  Rendered devise/sessions/new.html.erb within layouts/application (Duration: 1084.3ms | Allocations: 28433)
  Rendered layout layouts/application.html.erb (Duration: 1096.0ms | Allocations: 30071)
Completed 200 OK in 1256ms (Views: 1175.9ms | ActiveRecord: 31.6ms | Allocations: 56550)


DEPRECATION WARNING: `Rails.application.secrets` is deprecated in favor of `Rails.application.credentials` and will be removed in Rails 7.2. (called from <main> at /workspaces/Blog_App/config/environment.rb:5)
DEPRECATION WARNING: `Rails.application.secrets` is deprecated in favor of `Rails.application.credentials` and will be removed in Rails 7.2. (called from <main> at /workspaces/Blog_App/config/environment.rb:5)
DEPRECATION WARNING: `Rails.application.secrets` is deprecated in favor of `Rails.application.credentials` and will be removed in Rails 7.2. (called from <main> at /workspaces/Blog_App/config/environment.rb:5)
Started GET "/" for 10.240.2.131 at 2023-12-14 16:19:40 +0000
Cannot render console from 10.240.2.131! Allowed networks: 127.0.0.0/127.255.255.255, ::1
  
ActiveRecord::DatabaseConnectionError (There is an issue connecting to your database with your username/password, username: postgres.

Please check your database configuration to ensure the username/password are valid.
):
  
activerecord (7.1.2) lib/active_record/connection_adapters/postgresql_adapter.rb:76:in `rescue in new_client'
activerecord (7.1.2) lib/active_record/connection_adapters/postgresql_adapter.rb:68:in `new_client'
activerecord (7.1.2) lib/active_record/connection_adapters/postgresql_adapter.rb:980:in `connect'
activerecord (7.1.2) lib/active_record/connection_adapters/postgresql_adapter.rb:992:in `reconnect'
activerecord (7.1.2) lib/active_record/connection_adapters/abstract_adapter.rb:685:in `block in reconnect!'
activesupport (7.1.2) lib/active_support/concurrency/null_lock.rb:9:in `synchronize'
activerecord (7.1.2) lib/active_record/connection_adapters/abstract_adapter.rb:684:in `reconnect!'
activerecord (7.1.2) lib/active_record/connection_adapters/abstract_adapter.rb:788:in `verify!'
activerecord (7.1.2) lib/active_record/connection_adapters/abstract_adapter.rb:795:in `connect!'
activerecord (7.1.2) lib/active_record/connection_adapters/abstract_adapter.rb:1001:in `block in with_raw_connection'
activesupport (7.1.2) lib/active_support/concurrency/null_lock.rb:9:in `synchronize'
activerecord (7.1.2) lib/active_record/connection_adapters/abstract_adapter.rb:1000:in `with_raw_connection'
activerecord (7.1.2) lib/active_record/connection_adapters/abstract_adapter.rb:1113:in `valid_raw_connection'
activerecord (7.1.2) lib/active_record/connection_adapters/postgresql_adapter.rb:616:in `get_database_version'
activerecord (7.1.2) lib/active_record/connection_adapters/schema_cache.rb:374:in `database_version'
activerecord (7.1.2) lib/active_record/connection_adapters/schema_cache.rb:70:in `database_version'
activerecord (7.1.2) lib/active_record/connection_adapters/schema_cache.rb:200:in `database_version'
activerecord (7.1.2) lib/active_record/connection_adapters/abstract_adapter.rb:871:in `database_version'
activerecord (7.1.2) lib/active_record/connection_adapters/postgresql_adapter.rb:644:in `check_version'
activerecord (7.1.2) lib/active_record/connection_adapters/abstract/connection_pool.rb:675:in `new_connection'
activerecord (7.1.2) lib/active_record/connection_adapters/abstract/connection_pool.rb:720:in `checkout_new_connection'
activerecord (7.1.2) lib/active_record/connection_adapters/abstract/connection_pool.rb:699:in `try_to_checkout_new_connection'
activerecord (7.1.2) lib/active_record/connection_adapters/abstract/connection_pool.rb:657:in `acquire_connection'
activerecord (7.1.2) lib/active_record/connection_adapters/abstract/connection_pool.rb:355:in `checkout'
activerecord (7.1.2) lib/active_record/connection_adapters/abstract/connection_pool.rb:184:in `connection'
activerecord (7.1.2) lib/active_record/migration/pending_migration_connection.rb:8:in `establish_temporary_connection'
activerecord (7.1.2) lib/active_record/migration.rb:773:in `block in pending_migrations'
activerecord (7.1.2) lib/active_record/migration.rb:772:in `each'
activerecord (7.1.2) lib/active_record/migration.rb:772:in `pending_migrations'
activerecord (7.1.2) lib/active_record/migration.rb:751:in `check_pending_migrations'
activerecord (7.1.2) lib/active_record/migration.rb:643:in `block (2 levels) in call'
activesupport (7.1.2) lib/active_support/file_update_checker.rb:85:in `execute'
activerecord (7.1.2) lib/active_record/migration.rb:648:in `block in call'
activerecord (7.1.2) lib/active_record/migration.rb:640:in `synchronize'
activerecord (7.1.2) lib/active_record/migration.rb:640:in `call'
actionpack (7.1.2) lib/action_dispatch/middleware/callbacks.rb:29:in `block in call'
activesupport (7.1.2) lib/active_support/callbacks.rb:101:in `run_callbacks'
actionpack (7.1.2) lib/action_dispatch/middleware/callbacks.rb:28:in `call'
actionpack (7.1.2) lib/action_dispatch/middleware/executor.rb:14:in `call'
actionpack (7.1.2) lib/action_dispatch/middleware/actionable_exceptions.rb:16:in `call'
actionpack (7.1.2) lib/action_dispatch/middleware/debug_exceptions.rb:29:in `call'
web-console (4.2.1) lib/web_console/middleware.rb:132:in `call_app'
web-console (4.2.1) lib/web_console/middleware.rb:19:in `block in call'
web-console (4.2.1) lib/web_console/middleware.rb:17:in `catch'
web-console (4.2.1) lib/web_console/middleware.rb:17:in `call'
actionpack (7.1.2) lib/action_dispatch/middleware/show_exceptions.rb:31:in `call'
railties (7.1.2) lib/rails/rack/logger.rb:37:in `call_app'
railties (7.1.2) lib/rails/rack/logger.rb:24:in `block in call'
activesupport (7.1.2) lib/active_support/tagged_logging.rb:135:in `block in tagged'
activesupport (7.1.2) lib/active_support/tagged_logging.rb:39:in `tagged'
activesupport (7.1.2) lib/active_support/tagged_logging.rb:135:in `tagged'
activesupport (7.1.2) lib/active_support/broadcast_logger.rb:240:in `method_missing'
railties (7.1.2) lib/rails/rack/logger.rb:24:in `call'
sprockets-rails (3.4.2) lib/sprockets/rails/quiet_assets.rb:13:in `call'
actionpack (7.1.2) lib/action_dispatch/middleware/remote_ip.rb:92:in `call'
actionpack (7.1.2) lib/action_dispatch/middleware/request_id.rb:28:in `call'
rack (3.0.8) lib/rack/method_override.rb:28:in `call'
rack (3.0.8) lib/rack/runtime.rb:24:in `call'
activesupport (7.1.2) lib/active_support/cache/strategy/local_cache_middleware.rb:29:in `call'
actionpack (7.1.2) lib/action_dispatch/middleware/server_timing.rb:59:in `block in call'
actionpack (7.1.2) lib/action_dispatch/middleware/server_timing.rb:24:in `collect_events'
actionpack (7.1.2) lib/action_dispatch/middleware/server_timing.rb:58:in `call'
actionpack (7.1.2) lib/action_dispatch/middleware/executor.rb:14:in `call'
actionpack (7.1.2) lib/action_dispatch/middleware/static.rb:25:in `call'
rack (3.0.8) lib/rack/sendfile.rb:114:in `call'
actionpack (7.1.2) lib/action_dispatch/middleware/host_authorization.rb:141:in `call'
railties (7.1.2) lib/rails/engine.rb:529:in `call'
puma (5.6.5) lib/puma/configuration.rb:252:in `call'
puma (5.6.5) lib/puma/request.rb:77:in `block in handle_request'
puma (5.6.5) lib/puma/thread_pool.rb:340:in `with_force_shutdown'
puma (5.6.5) lib/puma/request.rb:76:in `handle_request'
puma (5.6.5) lib/puma/server.rb:443:in `process_client'
puma (5.6.5) lib/puma/thread_pool.rb:147:in `block in spawn_thread'
